Download the React DevTools for a better development experience: https://reactjs.org/link/react-devtools chunk-WRD5HZVH.js:21551:25
useAppStore initialize function called. 2 useAppStore.js:1362:13
Auth state changed: INITIAL_SESSION null 2 useAppStore.js:109:15
SW registered:  
ServiceWorkerRegistration { installing: null, waiting: ServiceWorker, active: ServiceWorker, navigationPreload: NavigationPreloadManager, scope: "http://localhost:5173/", updateViaCache: "imports", onupdatefound: null, pushManager: PushManager, cookies: CookieStoreManager }
localhost:5173:26:23
Error registrando Service Worker: DOMException: The operation is insecure. notificationService.js:34:17
Service Worker registered with scope: http://localhost:5173/ main.jsx:12:15
Auth state changed: SIGNED_IN 
Object { access_token: "eyJhbGciOiJIUzI1NiIsImtpZCI6ImYxc1QzVkJncG5sU3haNkMiLCJ0eXAiOiJKV1QifQ.eyJpc3MiOiJodHRwczovL3BnYmVmcXpscnZqbnN5bWlnZm12LnN1cGFiYXNlLmNvL2F1dGgvdjEiLCJzdWIiOiI2ODNiZWRlOS1iZWQyLTRhYjUtOGY4OS1mNGY4ZjUxNThlYmQiLCJhdWQiOiJhdXRoZW50aWNhdGVkIiwiZXhwIjoxNzYxNzIyODkwLCJpYXQiOjE3NjE3MTkyOTAsImVtYWlsIjoibHJvbWVyb3JlejE0QGdtYWlsLmNvbSIsInBob25lIjoiIiwiYXBwX21ldGFkYXRhIjp7InByb3ZpZGVyIjoiZW1haWwiLCJwcm92aWRlcnMiOlsiZW1haWwiXX0sInVzZXJfbWV0YWRhdGEiOnsiZW1haWxfdmVyaWZpZWQiOnRydWV9LCJyb2xlIjoiYXV0aGVudGljYXRlZCIsImFhbCI6ImFhbDEiLCJhbXIiOlt7Im1ldGhvZCI6InBhc3N3b3JkIiwidGltZXN0YW1wIjoxNzYxNzE5MjkwfV0sInNlc3Npb25faWQiOiI1NjdlNTNjYi1kYjBlLTQxNGEtYTMxNi0wZDgzMDBiOWFhMWIiLCJpc19hbm9ueW1vdXMiOmZhbHNlfQ.6CiYK0-7z2EGLlAHI6qUiTcWLrid6fC79IPb9e61fF0", token_type: "bearer", expires_in: 3600, expires_at: 1761722890, refresh_token: "44wqnnlqlhxd", user: {…}, weak_password: null }
useAppStore.js:109:15
Auth state changed: SIGNED_IN 
Object { access_token: "eyJhbGciOiJIUzI1NiIsImtpZCI6ImYxc1QzVkJncG5sU3haNkMiLCJ0eXAiOiJKV1QifQ.eyJpc3MiOiJodHRwczovL3BnYmVmcXpscnZqbnN5bWlnZm12LnN1cGFiYXNlLmNvL2F1dGgvdjEiLCJzdWIiOiI2ODNiZWRlOS1iZWQyLTRhYjUtOGY4OS1mNGY4ZjUxNThlYmQiLCJhdWQiOiJhdXRoZW50aWNhdGVkIiwiZXhwIjoxNzYxNzIyODkwLCJpYXQiOjE3NjE3MTkyOTAsImVtYWlsIjoibHJvbWVyb3JlejE0QGdtYWlsLmNvbSIsInBob25lIjoiIiwiYXBwX21ldGFkYXRhIjp7InByb3ZpZGVyIjoiZW1haWwiLCJwcm92aWRlcnMiOlsiZW1haWwiXX0sInVzZXJfbWV0YWRhdGEiOnsiZW1haWxfdmVyaWZpZWQiOnRydWV9LCJyb2xlIjoiYXV0aGVudGljYXRlZCIsImFhbCI6ImFhbDEiLCJhbXIiOlt7Im1ldGhvZCI6InBhc3N3b3JkIiwidGltZXN0YW1wIjoxNzYxNzE5MjkwfV0sInNlc3Npb25faWQiOiI1NjdlNTNjYi1kYjBlLTQxNGEtYTMxNi0wZDgzMDBiOWFhMWIiLCJpc19hbm9ueW1vdXMiOmZhbHNlfQ.6CiYK0-7z2EGLlAHI6qUiTcWLrid6fC79IPb9e61fF0", token_type: "bearer", expires_in: 3600, expires_at: 1761722890, refresh_token: "44wqnnlqlhxd", user: {…}, weak_password: null }
useAppStore.js:109:15
useAppStore initialize function called. 2 useAppStore.js:1362:13
Auth state changed: INITIAL_SESSION 
Object { access_token: "eyJhbGciOiJIUzI1NiIsImtpZCI6ImYxc1QzVkJncG5sU3haNkMiLCJ0eXAiOiJKV1QifQ.eyJpc3MiOiJodHRwczovL3BnYmVmcXpscnZqbnN5bWlnZm12LnN1cGFiYXNlLmNvL2F1dGgvdjEiLCJzdWIiOiI2ODNiZWRlOS1iZWQyLTRhYjUtOGY4OS1mNGY4ZjUxNThlYmQiLCJhdWQiOiJhdXRoZW50aWNhdGVkIiwiZXhwIjoxNzYxNzIyODkwLCJpYXQiOjE3NjE3MTkyOTAsImVtYWlsIjoibHJvbWVyb3JlejE0QGdtYWlsLmNvbSIsInBob25lIjoiIiwiYXBwX21ldGFkYXRhIjp7InByb3ZpZGVyIjoiZW1haWwiLCJwcm92aWRlcnMiOlsiZW1haWwiXX0sInVzZXJfbWV0YWRhdGEiOnsiZW1haWxfdmVyaWZpZWQiOnRydWV9LCJyb2xlIjoiYXV0aGVudGljYXRlZCIsImFhbCI6ImFhbDEiLCJhbXIiOlt7Im1ldGhvZCI6InBhc3N3b3JkIiwidGltZXN0YW1wIjoxNzYxNzE5MjkwfV0sInNlc3Npb25faWQiOiI1NjdlNTNjYi1kYjBlLTQxNGEtYTMxNi0wZDgzMDBiOWFhMWIiLCJpc19hbm9ueW1vdXMiOmZhbHNlfQ.6CiYK0-7z2EGLlAHI6qUiTcWLrid6fC79IPb9e61fF0", token_type: "bearer", expires_in: 3600, expires_at: 1761722890, refresh_token: "44wqnnlqlhxd", user: {…}, weak_password: null }
useAppStore.js:109:15
Auth state changed: INITIAL_SESSION 
Object { access_token: "eyJhbGciOiJIUzI1NiIsImtpZCI6ImYxc1QzVkJncG5sU3haNkMiLCJ0eXAiOiJKV1QifQ.eyJpc3MiOiJodHRwczovL3BnYmVmcXpscnZqbnN5bWlnZm12LnN1cGFiYXNlLmNvL2F1dGgvdjEiLCJzdWIiOiI2ODNiZWRlOS1iZWQyLTRhYjUtOGY4OS1mNGY4ZjUxNThlYmQiLCJhdWQiOiJhdXRoZW50aWNhdGVkIiwiZXhwIjoxNzYxNzIyODkwLCJpYXQiOjE3NjE3MTkyOTAsImVtYWlsIjoibHJvbWVyb3JlejE0QGdtYWlsLmNvbSIsInBob25lIjoiIiwiYXBwX21ldGFkYXRhIjp7InByb3ZpZGVyIjoiZW1haWwiLCJwcm92aWRlcnMiOlsiZW1haWwiXX0sInVzZXJfbWV0YWRhdGEiOnsiZW1haWxfdmVyaWZpZWQiOnRydWV9LCJyb2xlIjoiYXV0aGVudGljYXRlZCIsImFhbCI6ImFhbDEiLCJhbXIiOlt7Im1ldGhvZCI6InBhc3N3b3JkIiwidGltZXN0YW1wIjoxNzYxNzE5MjkwfV0sInNlc3Npb25faWQiOiI1NjdlNTNjYi1kYjBlLTQxNGEtYTMxNi0wZDgzMDBiOWFhMWIiLCJpc19hbm9ueW1vdXMiOmZhbHNlfQ.6CiYK0-7z2EGLlAHI6qUiTcWLrid6fC79IPb9e61fF0", token_type: "bearer", expires_in: 3600, expires_at: 1761722890, refresh_token: "44wqnnlqlhxd", user: {…}, weak_password: null }
useAppStore.js:109:15
Database setup complete offlineStorage.js:73:17
Database opened successfully offlineStorage.js:22:17
stores data updated successfully offlineStorage.js:145:17
Database opened successfully offlineStorage.js:22:17
stores data updated successfully offlineStorage.js:145:17
Database opened successfully offlineStorage.js:22:17
stores data updated successfully offlineStorage.js:145:17
Database opened successfully 4 offlineStorage.js:22:17
users data updated successfully offlineStorage.js:145:17
Database opened successfully offlineStorage.js:22:17
users data updated successfully 4 offlineStorage.js:145:17
Database opened successfully 4 offlineStorage.js:22:17
products data updated successfully offlineStorage.js:145:17
Database opened successfully offlineStorage.js:22:17
categories data updated successfully offlineStorage.js:145:17
products data updated successfully offlineStorage.js:145:17
Database opened successfully 2 offlineStorage.js:22:17
categories data updated successfully offlineStorage.js:145:17
Database opened successfully offlineStorage.js:22:17
categories data updated successfully 4 offlineStorage.js:145:17
Evento del sistema emitido: user_logged_in 
Object { userId: "683bede9-bed2-4ab5-8f89-f4f8f5158ebd", userName: "Administrador", userEmail: "lromerorez14@gmail.com", role: "admin", storeId: undefined, timestamp: "2025-10-29T06:28:12.789Z" }
systemEventService.js:46:13
Manejando inicio de sesión de usuario: 
Object { userId: "683bede9-bed2-4ab5-8f89-f4f8f5158ebd", userName: "Administrador", userEmail: "lromerorez14@gmail.com", role: "admin", storeId: undefined, timestamp: "2025-10-29T06:28:12.789Z" }
systemEventService.js:91:13
Warning: Encountered two children with the same key, `1761719292789-o6usoq7h2`. Keys should be unique so that components maintain their identity across updates. Non-unique keys may cause children to be duplicated and/or omitted — the behavior is unsupported and could change in a future version.
NotificationProvider@http://localhost:5173/src/components/notifications/NotificationProvider.jsx:22:30
App@http://localhost:5173/src/App.jsx:24:91 chunk-WRD5HZVH.js:521:38
Warning: Encountered two children with the same key, `1761719292789-o6usoq7h2`. Keys should be unique so that components maintain their identity across updates. Non-unique keys may cause children to be duplicated and/or omitted — the behavior is unsupported and could change in a future version.
NotificationProvider@http://localhost:5173/src/components/notifications/NotificationProvider.jsx:22:30
App@http://localhost:5173/src/App.jsx:24:91 8 chunk-WRD5HZVH.js:521:38
categories data updated successfully offlineStorage.js:145:17
Warning: Encountered two children with the same key, `1761719292789-o6usoq7h2`. Keys should be unique so that components maintain their identity across updates. Non-unique keys may cause children to be duplicated and/or omitted — the behavior is unsupported and could change in a future version.
NotificationProvider@http://localhost:5173/src/components/notifications/NotificationProvider.jsx:22:30
App@http://localhost:5173/src/App.jsx:24:91 3 chunk-WRD5HZVH.js:521:38
users data updated successfully offlineStorage.js:145:17
Warning: Encountered two children with the same key, `1761719292789-o6usoq7h2`. Keys should be unique so that components maintain their identity across updates. Non-unique keys may cause children to be duplicated and/or omitted — the behavior is unsupported and could change in a future version.
NotificationProvider@http://localhost:5173/src/components/notifications/NotificationProvider.jsx:22:30
App@http://localhost:5173/src/App.jsx:24:91 3 chunk-WRD5HZVH.js:521:38
products data updated successfully offlineStorage.js:145:17
categories data updated successfully offlineStorage.js:145:17
stores data updated successfully offlineStorage.js:145:17
users data updated successfully offlineStorage.js:145:17
products data updated successfully offlineStorage.js:145:17
Warning: Encountered two children with the same key, `1761719292789-o6usoq7h2`. Keys should be unique so that components maintain their identity across updates. Non-unique keys may cause children to be duplicated and/or omitted — the behavior is unsupported and could change in a future version.
NotificationProvider@http://localhost:5173/src/components/notifications/NotificationProvider.jsx:22:30
App@http://localhost:5173/src/App.jsx:24:91 chunk-WRD5HZVH.js:521:38
categories data updated successfully offlineStorage.js:145:17
stores data updated successfully offlineStorage.js:145:17
users data updated successfully offlineStorage.js:145:17
categories data updated successfully offlineStorage.js:145:17
stores data updated successfully offlineStorage.js:145:17
Warning: Encountered two children with the same key, `1761719292789-o6usoq7h2`. Keys should be unique so that components maintain their identity across updates. Non-unique keys may cause children to be duplicated and/or omitted — the behavior is unsupported and could change in a future version.
NotificationProvider@http://localhost:5173/src/components/notifications/NotificationProvider.jsx:22:30
App@http://localhost:5173/src/App.jsx:24:91 chunk-WRD5HZVH.js:521:38
users data updated successfully offlineStorage.js:145:17
categories data updated successfully offlineStorage.js:145:17
users data updated successfully offlineStorage.js:145:17
Warning: Encountered two children with the same key, `1761719292789-o6usoq7h2`. Keys should be unique so that components maintain their identity across updates. Non-unique keys may cause children to be duplicated and/or omitted — the behavior is unsupported and could change in a future version.
NotificationProvider@http://localhost:5173/src/components/notifications/NotificationProvider.jsx:22:30
App@http://localhost:5173/src/App.jsx:24:91 chunk-WRD5HZVH.js:521:38
categories data updated successfully offlineStorage.js:145:17
Warning: Encountered two children with the same key, `1761719292789-o6usoq7h2`. Keys should be unique so that components maintain their identity across updates. Non-unique keys may cause children to be duplicated and/or omitted — the behavior is unsupported and could change in a future version.
NotificationProvider@http://localhost:5173/src/components/notifications/NotificationProvider.jsx:22:30
App@http://localhost:5173/src/App.jsx:24:91 2 chunk-WRD5HZVH.js:521:38
Evento del sistema emitido: user_logged_in 
Object { userId: "683bede9-bed2-4ab5-8f89-f4f8f5158ebd", userName: "Administrador", userEmail: "lromerorez14@gmail.com", role: "admin", storeId: undefined, timestamp: "2025-10-29T06:28:12.973Z" }
systemEventService.js:46:13
Manejando inicio de sesión de usuario: 
Object { userId: "683bede9-bed2-4ab5-8f89-f4f8f5158ebd", userName: "Administrador", userEmail: "lromerorez14@gmail.com", role: "admin", storeId: undefined, timestamp: "2025-10-29T06:28:12.973Z" }
systemEventService.js:91:13
Warning: Encountered two children with the same key, `1761719292789-o6usoq7h2`. Keys should be unique so that components maintain their identity across updates. Non-unique keys may cause children to be duplicated and/or omitted — the behavior is unsupported and could change in a future version.
NotificationProvider@http://localhost:5173/src/components/notifications/NotificationProvider.jsx:22:30
App@http://localhost:5173/src/App.jsx:24:91 chunk-WRD5HZVH.js:521:38
Warning: Encountered two children with the same key, `1761719292973-xvy47ixxc`. Keys should be unique so that components maintain their identity across updates. Non-unique keys may cause children to be duplicated and/or omitted — the behavior is unsupported and could change in a future version.
NotificationProvider@http://localhost:5173/src/components/notifications/NotificationProvider.jsx:22:30
App@http://localhost:5173/src/App.jsx:24:91 chunk-WRD5HZVH.js:521:38
useAppStore initialize function called. useAppStore.js:1362:13
Warning: Encountered two children with the same key, `1761719292789-o6usoq7h2`. Keys should be unique so that components maintain their identity across updates. Non-unique keys may cause children to be duplicated and/or omitted — the behavior is unsupported and could change in a future version.
NotificationProvider@http://localhost:5173/src/components/notifications/NotificationProvider.jsx:22:30
App@http://localhost:5173/src/App.jsx:24:91 chunk-WRD5HZVH.js:521:38
Warning: Encountered two children with the same key, `1761719292973-xvy47ixxc`. Keys should be unique so that components maintain their identity across updates. Non-unique keys may cause children to be duplicated and/or omitted — the behavior is unsupported and could change in a future version.
NotificationProvider@http://localhost:5173/src/components/notifications/NotificationProvider.jsx:22:30
App@http://localhost:5173/src/App.jsx:24:91 chunk-WRD5HZVH.js:521:38
Warning: Encountered two children with the same key, `1761719292789-o6usoq7h2`. Keys should be unique so that components maintain their identity across updates. Non-unique keys may cause children to be duplicated and/or omitted — the behavior is unsupported and could change in a future version.
NotificationProvider@http://localhost:5173/src/components/notifications/NotificationProvider.jsx:22:30
App@http://localhost:5173/src/App.jsx:24:91 chunk-WRD5HZVH.js:521:38
Warning: Encountered two children with the same key, `1761719292973-xvy47ixxc`. Keys should be unique so that components maintain their identity across updates. Non-unique keys may cause children to be duplicated and/or omitted — the behavior is unsupported and could change in a future version.
NotificationProvider@http://localhost:5173/src/components/notifications/NotificationProvider.jsx:22:30
App@http://localhost:5173/src/App.jsx:24:91 chunk-WRD5HZVH.js:521:38
Auth state changed: INITIAL_SESSION 
Object { access_token: "eyJhbGciOiJIUzI1NiIsImtpZCI6ImYxc1QzVkJncG5sU3haNkMiLCJ0eXAiOiJKV1QifQ.eyJpc3MiOiJodHRwczovL3BnYmVmcXpscnZqbnN5bWlnZm12LnN1cGFiYXNlLmNvL2F1dGgvdjEiLCJzdWIiOiI2ODNiZWRlOS1iZWQyLTRhYjUtOGY4OS1mNGY4ZjUxNThlYmQiLCJhdWQiOiJhdXRoZW50aWNhdGVkIiwiZXhwIjoxNzYxNzIyODkwLCJpYXQiOjE3NjE3MTkyOTAsImVtYWlsIjoibHJvbWVyb3JlejE0QGdtYWlsLmNvbSIsInBob25lIjoiIiwiYXBwX21ldGFkYXRhIjp7InByb3ZpZGVyIjoiZW1haWwiLCJwcm92aWRlcnMiOlsiZW1haWwiXX0sInVzZXJfbWV0YWRhdGEiOnsiZW1haWxfdmVyaWZpZWQiOnRydWV9LCJyb2xlIjoiYXV0aGVudGljYXRlZCIsImFhbCI6ImFhbDEiLCJhbXIiOlt7Im1ldGhvZCI6InBhc3N3b3JkIiwidGltZXN0YW1wIjoxNzYxNzE5MjkwfV0sInNlc3Npb25faWQiOiI1NjdlNTNjYi1kYjBlLTQxNGEtYTMxNi0wZDgzMDBiOWFhMWIiLCJpc19hbm9ueW1vdXMiOmZhbHNlfQ.6CiYK0-7z2EGLlAHI6qUiTcWLrid6fC79IPb9e61fF0", token_type: "bearer", expires_in: 3600, expires_at: 1761722890, refresh_token: "44wqnnlqlhxd", user: {…}, weak_password: null }
useAppStore.js:109:15
Warning: Encountered two children with the same key, `1761719292789-o6usoq7h2`. Keys should be unique so that components maintain their identity across updates. Non-unique keys may cause children to be duplicated and/or omitted — the behavior is unsupported and could change in a future version.
NotificationProvider@http://localhost:5173/src/components/notifications/NotificationProvider.jsx:22:30
App@http://localhost:5173/src/App.jsx:24:91 chunk-WRD5HZVH.js:521:38
Warning: Encountered two children with the same key, `1761719292973-xvy47ixxc`. Keys should be unique so that components maintain their identity across updates. Non-unique keys may cause children to be duplicated and/or omitted — the behavior is unsupported and could change in a future version.
NotificationProvider@http://localhost:5173/src/components/notifications/NotificationProvider.jsx:22:30
App@http://localhost:5173/src/App.jsx:24:91 chunk-WRD5HZVH.js:521:38
Warning: Encountered two children with the same key, `1761719292789-o6usoq7h2`. Keys should be unique so that components maintain their identity across updates. Non-unique keys may cause children to be duplicated and/or omitted — the behavior is unsupported and could change in a future version.
NotificationProvider@http://localhost:5173/src/components/notifications/NotificationProvider.jsx:22:30
App@http://localhost:5173/src/App.jsx:24:91 chunk-WRD5HZVH.js:521:38
Warning: Encountered two children with the same key, `1761719292973-xvy47ixxc`. Keys should be unique so that components maintain their identity across updates. Non-unique keys may cause children to be duplicated and/or omitted — the behavior is unsupported and could change in a future version.
NotificationProvider@http://localhost:5173/src/components/notifications/NotificationProvider.jsx:22:30
App@http://localhost:5173/src/App.jsx:24:91 chunk-WRD5HZVH.js:521:38
Warning: Encountered two children with the same key, `1761719292789-o6usoq7h2`. Keys should be unique so that components maintain their identity across updates. Non-unique keys may cause children to be duplicated and/or omitted — the behavior is unsupported and could change in a future version.
NotificationProvider@http://localhost:5173/src/components/notifications/NotificationProvider.jsx:22:30
App@http://localhost:5173/src/App.jsx:24:91 chunk-WRD5HZVH.js:521:38
Warning: Encountered two children with the same key, `1761719292973-xvy47ixxc`. Keys should be unique so that components maintain their identity across updates. Non-unique keys may cause children to be duplicated and/or omitted — the behavior is unsupported and could change in a future version.
NotificationProvider@http://localhost:5173/src/components/notifications/NotificationProvider.jsx:22:30
App@http://localhost:5173/src/App.jsx:24:91 chunk-WRD5HZVH.js:521:38
Warning: Encountered two children with the same key, `1761719292789-o6usoq7h2`. Keys should be unique so that components maintain their identity across updates. Non-unique keys may cause children to be duplicated and/or omitted — the behavior is unsupported and could change in a future version.
NotificationProvider@http://localhost:5173/src/components/notifications/NotificationProvider.jsx:22:30
App@http://localhost:5173/src/App.jsx:24:91 chunk-WRD5HZVH.js:521:38
Warning: Encountered two children with the same key, `1761719292973-xvy47ixxc`. Keys should be unique so that components maintain their identity across updates. Non-unique keys may cause children to be duplicated and/or omitted — the behavior is unsupported and could change in a future version.
NotificationProvider@http://localhost:5173/src/components/notifications/NotificationProvider.jsx:22:30
App@http://localhost:5173/src/App.jsx:24:91 chunk-WRD5HZVH.js:521:38
Warning: Encountered two children with the same key, `1761719292789-o6usoq7h2`. Keys should be unique so that components maintain their identity across updates. Non-unique keys may cause children to be duplicated and/or omitted — the behavior is unsupported and could change in a future version.
NotificationProvider@http://localhost:5173/src/components/notifications/NotificationProvider.jsx:22:30
App@http://localhost:5173/src/App.jsx:24:91 chunk-WRD5HZVH.js:521:38
Warning: Encountered two children with the same key, `1761719292973-xvy47ixxc`. Keys should be unique so that components maintain their identity across updates. Non-unique keys may cause children to be duplicated and/or omitted — the behavior is unsupported and could change in a future version.
NotificationProvider@http://localhost:5173/src/components/notifications/NotificationProvider.jsx:22:30
App@http://localhost:5173/src/App.jsx:24:91 chunk-WRD5HZVH.js:521:38
Warning: Encountered two children with the same key, `1761719292789-o6usoq7h2`. Keys should be unique so that components maintain their identity across updates. Non-unique keys may cause children to be duplicated and/or omitted — the behavior is unsupported and could change in a future version.
NotificationProvider@http://localhost:5173/src/components/notifications/NotificationProvider.jsx:22:30
App@http://localhost:5173/src/App.jsx:24:91 chunk-WRD5HZVH.js:521:38
Warning: Encountered two children with the same key, `1761719292973-xvy47ixxc`. Keys should be unique so that components maintain their identity across updates. Non-unique keys may cause children to be duplicated and/or omitted — the behavior is unsupported and could change in a future version.
NotificationProvider@http://localhost:5173/src/components/notifications/NotificationProvider.jsx:22:30
App@http://localhost:5173/src/App.jsx:24:91 chunk-WRD5HZVH.js:521:38
Warning: Encountered two children with the same key, `1761719292789-o6usoq7h2`. Keys should be unique so that components maintain their identity across updates. Non-unique keys may cause children to be duplicated and/or omitted — the behavior is unsupported and could change in a future version.
NotificationProvider@http://localhost:5173/src/components/notifications/NotificationProvider.jsx:22:30
App@http://localhost:5173/src/App.jsx:24:91 chunk-WRD5HZVH.js:521:38
Warning: Encountered two children with the same key, `1761719292973-xvy47ixxc`. Keys should be unique so that components maintain their identity across updates. Non-unique keys may cause children to be duplicated and/or omitted — the behavior is unsupported and could change in a future version.
NotificationProvider@http://localhost:5173/src/components/notifications/NotificationProvider.jsx:22:30
App@http://localhost:5173/src/App.jsx:24:91 chunk-WRD5HZVH.js:521:38
Warning: Encountered two children with the same key, `1761719292789-o6usoq7h2`. Keys should be unique so that components maintain their identity across updates. Non-unique keys may cause children to be duplicated and/or omitted — the behavior is unsupported and could change in a future version.
NotificationProvider@http://localhost:5173/src/components/notifications/NotificationProvider.jsx:22:30
App@http://localhost:5173/src/App.jsx:24:91 chunk-WRD5HZVH.js:521:38
Warning: Encountered two children with the same key, `1761719292973-xvy47ixxc`. Keys should be unique so that components maintain their identity across updates. Non-unique keys may cause children to be duplicated and/or omitted — the behavior is unsupported and could change in a future version.
NotificationProvider@http://localhost:5173/src/components/notifications/NotificationProvider.jsx:22:30
App@http://localhost:5173/src/App.jsx:24:91 chunk-WRD5HZVH.js:521:38
Warning: Encountered two children with the same key, `1761719292789-o6usoq7h2`. Keys should be unique so that components maintain their identity across updates. Non-unique keys may cause children to be duplicated and/or omitted — the behavior is unsupported and could change in a future version.
NotificationProvider@http://localhost:5173/src/components/notifications/NotificationProvider.jsx:22:30
App@http://localhost:5173/src/App.jsx:24:91 chunk-WRD5HZVH.js:521:38
Warning: Encountered two children with the same key, `1761719292973-xvy47ixxc`. Keys should be unique so that components maintain their identity across updates. Non-unique keys may cause children to be duplicated and/or omitted — the behavior is unsupported and could change in a future version.
NotificationProvider@http://localhost:5173/src/components/notifications/NotificationProvider.jsx:22:30
App@http://localhost:5173/src/App.jsx:24:91 chunk-WRD5HZVH.js:521:38
Warning: Encountered two children with the same key, `1761719292789-o6usoq7h2`. Keys should be unique so that components maintain their identity across updates. Non-unique keys may cause children to be duplicated and/or omitted — the behavior is unsupported and could change in a future version.
NotificationProvider@http://localhost:5173/src/components/notifications/NotificationProvider.jsx:22:30
App@http://localhost:5173/src/App.jsx:24:91 chunk-WRD5HZVH.js:521:38
Warning: Encountered two children with the same key, `1761719292973-xvy47ixxc`. Keys should be unique so that components maintain their identity across updates. Non-unique keys may cause children to be duplicated and/or omitted — the behavior is unsupported and could change in a future version.
NotificationProvider@http://localhost:5173/src/components/notifications/NotificationProvider.jsx:22:30
App@http://localhost:5173/src/App.jsx:24:91 chunk-WRD5HZVH.js:521:38
Warning: Encountered two children with the same key, `1761719292789-o6usoq7h2`. Keys should be unique so that components maintain their identity across updates. Non-unique keys may cause children to be duplicated and/or omitted — the behavior is unsupported and could change in a future version.
NotificationProvider@http://localhost:5173/src/components/notifications/NotificationProvider.jsx:22:30
App@http://localhost:5173/src/App.jsx:24:91 chunk-WRD5HZVH.js:521:38
Warning: Encountered two children with the same key, `1761719292973-xvy47ixxc`. Keys should be unique so that components maintain their identity across updates. Non-unique keys may cause children to be duplicated and/or omitted — the behavior is unsupported and could change in a future version.
NotificationProvider@http://localhost:5173/src/components/notifications/NotificationProvider.jsx:22:30
App@http://localhost:5173/src/App.jsx:24:91 chunk-WRD5HZVH.js:521:38
Warning: Encountered two children with the same key, `1761719292789-o6usoq7h2`. Keys should be unique so that components maintain their identity across updates. Non-unique keys may cause children to be duplicated and/or omitted — the behavior is unsupported and could change in a future version.
NotificationProvider@http://localhost:5173/src/components/notifications/NotificationProvider.jsx:22:30
App@http://localhost:5173/src/App.jsx:24:91 chunk-WRD5HZVH.js:521:38
Warning: Encountered two children with the same key, `1761719292973-xvy47ixxc`. Keys should be unique so that components maintain their identity across updates. Non-unique keys may cause children to be duplicated and/or omitted — the behavior is unsupported and could change in a future version.
NotificationProvider@http://localhost:5173/src/components/notifications/NotificationProvider.jsx:22:30
App@http://localhost:5173/src/App.jsx:24:91 chunk-WRD5HZVH.js:521:38
Warning: Encountered two children with the same key, `1761719292789-o6usoq7h2`. Keys should be unique so that components maintain their identity across updates. Non-unique keys may cause children to be duplicated and/or omitted — the behavior is unsupported and could change in a future version.
NotificationProvider@http://localhost:5173/src/components/notifications/NotificationProvider.jsx:22:30
App@http://localhost:5173/src/App.jsx:24:91 chunk-WRD5HZVH.js:521:38
Warning: Encountered two children with the same key, `1761719292973-xvy47ixxc`. Keys should be unique so that components maintain their identity across updates. Non-unique keys may cause children to be duplicated and/or omitted — the behavior is unsupported and could change in a future version.
NotificationProvider@http://localhost:5173/src/components/notifications/NotificationProvider.jsx:22:30
App@http://localhost:5173/src/App.jsx:24:91 chunk-WRD5HZVH.js:521:38
Warning: Encountered two children with the same key, `1761719292789-o6usoq7h2`. Keys should be unique so that components maintain their identity across updates. Non-unique keys may cause children to be duplicated and/or omitted — the behavior is unsupported and could change in a future version.
NotificationProvider@http://localhost:5173/src/components/notifications/NotificationProvider.jsx:22:30
App@http://localhost:5173/src/App.jsx:24:91 chunk-WRD5HZVH.js:521:38
Warning: Encountered two children with the same key, `1761719292973-xvy47ixxc`. Keys should be unique so that components maintain their identity across updates. Non-unique keys may cause children to be duplicated and/or omitted — the behavior is unsupported and could change in a future version.
NotificationProvider@http://localhost:5173/src/components/notifications/NotificationProvider.jsx:22:30
App@http://localhost:5173/src/App.jsx:24:91 chunk-WRD5HZVH.js:521:38
products data updated successfully offlineStorage.js:145:17
Warning: Encountered two children with the same key, `1761719292789-o6usoq7h2`. Keys should be unique so that components maintain their identity across updates. Non-unique keys may cause children to be duplicated and/or omitted — the behavior is unsupported and could change in a future version.
NotificationProvider@http://localhost:5173/src/components/notifications/NotificationProvider.jsx:22:30
App@http://localhost:5173/src/App.jsx:24:91 chunk-WRD5HZVH.js:521:38
Warning: Encountered two children with the same key, `1761719292973-xvy47ixxc`. Keys should be unique so that components maintain their identity across updates. Non-unique keys may cause children to be duplicated and/or omitted — the behavior is unsupported and could change in a future version.
NotificationProvider@http://localhost:5173/src/components/notifications/NotificationProvider.jsx:22:30
App@http://localhost:5173/src/App.jsx:24:91 chunk-WRD5HZVH.js:521:38
stores data updated successfully offlineStorage.js:145:17
categories data updated successfully offlineStorage.js:145:17
users data updated successfully offlineStorage.js:145:17
products data updated successfully offlineStorage.js:145:17
Warning: Encountered two children with the same key, `1761719292789-o6usoq7h2`. Keys should be unique so that components maintain their identity across updates. Non-unique keys may cause children to be duplicated and/or omitted — the behavior is unsupported and could change in a future version.
NotificationProvider@http://localhost:5173/src/components/notifications/NotificationProvider.jsx:22:30
App@http://localhost:5173/src/App.jsx:24:91 chunk-WRD5HZVH.js:521:38
Warning: Encountered two children with the same key, `1761719292973-xvy47ixxc`. Keys should be unique so that components maintain their identity across updates. Non-unique keys may cause children to be duplicated and/or omitted — the behavior is unsupported and could change in a future version.
NotificationProvider@http://localhost:5173/src/components/notifications/NotificationProvider.jsx:22:30
App@http://localhost:5173/src/App.jsx:24:91 chunk-WRD5HZVH.js:521:38
stores data updated successfully offlineStorage.js:145:17
categories data updated successfully offlineStorage.js:145:17
users data updated successfully offlineStorage.js:145:17
stores data updated successfully offlineStorage.js:145:17
Warning: Encountered two children with the same key, `1761719292789-o6usoq7h2`. Keys should be unique so that components maintain their identity across updates. Non-unique keys may cause children to be duplicated and/or omitted — the behavior is unsupported and could change in a future version.
NotificationProvider@http://localhost:5173/src/components/notifications/NotificationProvider.jsx:22:30
App@http://localhost:5173/src/App.jsx:24:91 chunk-WRD5HZVH.js:521:38
Warning: Encountered two children with the same key, `1761719292973-xvy47ixxc`. Keys should be unique so that components maintain their identity across updates. Non-unique keys may cause children to be duplicated and/or omitted — the behavior is unsupported and could change in a future version.
NotificationProvider@http://localhost:5173/src/components/notifications/NotificationProvider.jsx:22:30
App@http://localhost:5173/src/App.jsx:24:91 chunk-WRD5HZVH.js:521:38
categories data updated successfully offlineStorage.js:145:17
users data updated successfully offlineStorage.js:145:17
categories data updated successfully offlineStorage.js:145:17
users data updated successfully offlineStorage.js:145:17
categories data updated successfully offlineStorage.js:145:17
users data updated successfully offlineStorage.js:145:17
Warning: Encountered two children with the same key, `1761719292789-o6usoq7h2`. Keys should be unique so that components maintain their identity across updates. Non-unique keys may cause children to be duplicated and/or omitted — the behavior is unsupported and could change in a future version.
NotificationProvider@http://localhost:5173/src/components/notifications/NotificationProvider.jsx:22:30
App@http://localhost:5173/src/App.jsx:24:91 chunk-WRD5HZVH.js:521:38
Warning: Encountered two children with the same key, `1761719292973-xvy47ixxc`. Keys should be unique so that components maintain their identity across updates. Non-unique keys may cause children to be duplicated and/or omitted — the behavior is unsupported and could change in a future version.
NotificationProvider@http://localhost:5173/src/components/notifications/NotificationProvider.jsx:22:30
App@http://localhost:5173/src/App.jsx:24:91 chunk-WRD5HZVH.js:521:38
categories data updated successfully offlineStorage.js:145:17
Warning: Encountered two children with the same key, `1761719292789-o6usoq7h2`. Keys should be unique so that components maintain their identity across updates. Non-unique keys may cause children to be duplicated and/or omitted — the behavior is unsupported and could change in a future version.
NotificationProvider@http://localhost:5173/src/components/notifications/NotificationProvider.jsx:22:30
App@http://localhost:5173/src/App.jsx:24:91 chunk-WRD5HZVH.js:521:38
Warning: Encountered two children with the same key, `1761719292973-xvy47ixxc`. Keys should be unique so that components maintain their identity across updates. Non-unique keys may cause children to be duplicated and/or omitted — the behavior is unsupported and could change in a future version.
NotificationProvider@http://localhost:5173/src/components/notifications/NotificationProvider.jsx:22:30
App@http://localhost:5173/src/App.jsx:24:91 chunk-WRD5HZVH.js:521:38
Warning: Encountered two children with the same key, `1761719292789-o6usoq7h2`. Keys should be unique so that components maintain their identity across updates. Non-unique keys may cause children to be duplicated and/or omitted — the behavior is unsupported and could change in a future version.
NotificationProvider@http://localhost:5173/src/components/notifications/NotificationProvider.jsx:22:30
App@http://localhost:5173/src/App.jsx:24:91 chunk-WRD5HZVH.js:521:38
Warning: Encountered two children with the same key, `1761719292973-xvy47ixxc`. Keys should be unique so that components maintain their identity across updates. Non-unique keys may cause children to be duplicated and/or omitted — the behavior is unsupported and could change in a future version.
NotificationProvider@http://localhost:5173/src/components/notifications/NotificationProvider.jsx:22:30
App@http://localhost:5173/src/App.jsx:24:91 chunk-WRD5HZVH.js:521:38
Evento del sistema emitido: user_logged_in 
Object { userId: "683bede9-bed2-4ab5-8f89-f4f8f5158ebd", userName: "Administrador", userEmail: "lromerorez14@gmail.com", role: "admin", storeId: undefined, timestamp: "2025-10-29T06:28:14.415Z" }
systemEventService.js:46:13
Manejando inicio de sesión de usuario: 
Object { userId: "683bede9-bed2-4ab5-8f89-f4f8f5158ebd", userName: "Administrador", userEmail: "lromerorez14@gmail.com", role: "admin", storeId: undefined, timestamp: "2025-10-29T06:28:14.415Z" }
systemEventService.js:91:13
Warning: Encountered two children with the same key, `1761719292789-o6usoq7h2`. Keys should be unique so that components maintain their identity across updates. Non-unique keys may cause children to be duplicated and/or omitted — the behavior is unsupported and could change in a future version.
NotificationProvider@http://localhost:5173/src/components/notifications/NotificationProvider.jsx:22:30
App@http://localhost:5173/src/App.jsx:24:91 chunk-WRD5HZVH.js:521:38
    React 13
    workLoop scheduler.development.js:266
    flushWork scheduler.development.js:239
    performWorkUntilDeadline scheduler.development.js:533
Warning: Encountered two children with the same key, `1761719292973-xvy47ixxc`. Keys should be unique so that components maintain their identity across updates. Non-unique keys may cause children to be duplicated and/or omitted — the behavior is unsupported and could change in a future version.
NotificationProvider@http://localhost:5173/src/components/notifications/NotificationProvider.jsx:22:30
App@http://localhost:5173/src/App.jsx:24:91 chunk-WRD5HZVH.js:521:38
    React 13
    workLoop scheduler.development.js:266
    flushWork scheduler.development.js:239
    performWorkUntilDeadline scheduler.development.js:533
Warning: Encountered two children with the same key, `1761719294415-r2y06h66s`. Keys should be unique so that components maintain their identity across updates. Non-unique keys may cause children to be duplicated and/or omitted — the behavior is unsupported and could change in a future version.
NotificationProvider@http://localhost:5173/src/components/notifications/NotificationProvider.jsx:22:30
App@http://localhost:5173/src/App.jsx:24:91 chunk-WRD5HZVH.js:521:38
Warning: Encountered two children with the same key, `1761719292973-xvy47ixxc`. Keys should be unique so that components maintain their identity across updates. Non-unique keys may cause children to be duplicated and/or omitted — the behavior is unsupported and could change in a future version.
NotificationProvider@http://localhost:5173/src/components/notifications/NotificationProvider.jsx:22:30
App@http://localhost:5173/src/App.jsx:24:91 chunk-WRD5HZVH.js:521:38
Warning: Encountered two children with the same key, `1761719294415-r2y06h66s`. Keys should be unique so that components maintain their identity across updates. Non-unique keys may cause children to be duplicated and/or omitted — the behavior is unsupported and could change in a future version.
NotificationProvider@http://localhost:5173/src/components/notifications/NotificationProvider.jsx:22:30
App@http://localhost:5173/src/App.jsx:24:91 chunk-WRD5HZVH.js:521:38
Warning: Encountered two children with the same key, `1761719292973-xvy47ixxc`. Keys should be unique so that components maintain their identity across updates. Non-unique keys may cause children to be duplicated and/or omitted — the behavior is unsupported and could change in a future version.
NotificationProvider@http://localhost:5173/src/components/notifications/NotificationProvider.jsx:22:30
App@http://localhost:5173/src/App.jsx:24:91 chunk-WRD5HZVH.js:521:38
Warning: Encountered two children with the same key, `1761719294415-r2y06h66s`. Keys should be unique so that components maintain their identity across updates. Non-unique keys may cause children to be duplicated and/or omitted — the behavior is unsupported and could change in a future version.
NotificationProvider@http://localhost:5173/src/components/notifications/NotificationProvider.jsx:22:30
App@http://localhost:5173/src/App.jsx:24:91 chunk-WRD5HZVH.js:521:38
Warning: Encountered two children with the same key, `1761719292973-xvy47ixxc`. Keys should be unique so that components maintain their identity across updates. Non-unique keys may cause children to be duplicated and/or omitted — the behavior is unsupported and could change in a future version.
NotificationProvider@http://localhost:5173/src/components/notifications/NotificationProvider.jsx:22:30
App@http://localhost:5173/src/App.jsx:24:91 chunk-WRD5HZVH.js:521:38
Warning: Encountered two children with the same key, `1761719294415-r2y06h66s`. Keys should be unique so that components maintain their identity across updates. Non-unique keys may cause children to be duplicated and/or omitted — the behavior is unsupported and could change in a future version.
NotificationProvider@http://localhost:5173/src/components/notifications/NotificationProvider.jsx:22:30
App@http://localhost:5173/src/App.jsx:24:91 3 chunk-WRD5HZVH.js:521:38
Error al analizar el valor para '-webkit-text-size-adjust'.  Declaración rechazada. localhost:5173:141:29
Propiedad desconocida '-moz-osx-font-smoothing'.  Declaración rechazada. localhost:5173:1541:27
Juego de reglas ignoradas debido a un mal selector. localhost:5173:1736:27
Juego de reglas ignoradas debido a un mal selector. localhost:5173:1756:33
