Error registrando Service Worker: DOMException: The operation is insecure. notificationService.js:34:17
Warning: Encountered two children with the same key, `1761730896228-0nbxs8gqn-1`. Keys should be unique so that components maintain their identity across updates. Non-unique keys may cause children to be duplicated and/or omitted — the behavior is unsupported and could change in a future version.
NotificationProvider@http://localhost:5173/src/components/notifications/NotificationProvider.jsx:22:30
App@http://localhost:5173/src/App.jsx:24:91 chunk-WRD5HZVH.js:521:38
Warning: Encountered two children with the same key, `1761730896228-0nbxs8gqn-1`. Keys should be unique so that components maintain their identity across updates. Non-unique keys may cause children to be duplicated and/or omitted — the behavior is unsupported and could change in a future version.
NotificationProvider@http://localhost:5173/src/components/notifications/NotificationProvider.jsx:22:30
App@http://localhost:5173/src/App.jsx:24:91 16 chunk-WRD5HZVH.js:521:38
Warning: Encountered two children with the same key, `1761730896228-0nbxs8gqn-1`. Keys should be unique so that components maintain their identity across updates. Non-unique keys may cause children to be duplicated and/or omitted — the behavior is unsupported and could change in a future version.
NotificationProvider@http://localhost:5173/src/components/notifications/NotificationProvider.jsx:22:30
App@http://localhost:5173/src/App.jsx:24:91 chunk-WRD5HZVH.js:521:38
Warning: Encountered two children with the same key, `1761730896228-0nbxs8gqn-1`. Keys should be unique so that components maintain their identity across updates. Non-unique keys may cause children to be duplicated and/or omitted — the behavior is unsupported and could change in a future version.
NotificationProvider@http://localhost:5173/src/components/notifications/NotificationProvider.jsx:22:30
App@http://localhost:5173/src/App.jsx:24:91 chunk-WRD5HZVH.js:521:38
Warning: Encountered two children with the same key, `1761730896228-0nbxs8gqn-1`. Keys should be unique so that components maintain their identity across updates. Non-unique keys may cause children to be duplicated and/or omitted — the behavior is unsupported and could change in a future version.
NotificationProvider@http://localhost:5173/src/components/notifications/NotificationProvider.jsx:22:30
App@http://localhost:5173/src/App.jsx:24:91 2 chunk-WRD5HZVH.js:521:38
Warning: Each child in a list should have a unique "key" prop.

Check the render method of `InventoryPage`. See https://reactjs.org/link/warning-keys for more information.
tr
InventoryPage@http://localhost:5173/src/pages/InventoryPage.jsx:26:77
RenderedRoute@http://localhost:5173/node_modules/.vite/deps/react-router-dom.js?v=72ee9f50:5624:23
Outlet@http://localhost:5173/node_modules/.vite/deps/react-router-dom.js?v=72ee9f50:6452:20
div
main
div
AdminDashboardPage@http://localhost:5173/src/pages/AdminDashboardPage.jsx:43:67
ProtectedRoute@http://localhost:5173/src/components/ProtectedRoute.jsx:21:24
RenderedRoute@http://localhost:5173/node_modules/.vite/deps/react-router-dom.js?v=72ee9f50:5624:23
Routes@http://localhost:5173/node_modules/.vite/deps/react-router-dom.js?v=72ee9f50:6517:16
Router@http://localhost:5173/node_modules/.vite/deps/react-router-dom.js?v=72ee9f50:6460:16
BrowserRouter@http://localhost:5173/node_modules/.vite/deps/react-router-dom.js?v=72ee9f50:9562:23
Router
div
div
NotificationProvider@http://localhost:5173/src/components/notifications/NotificationProvider.jsx:22:30
App@http://localhost:5173/src/App.jsx:24:91 react_jsx-dev-runtime.js:64:38
Error loading inventory batches: DOMException: IDBDatabase.transaction: 'inventoryBatches' is not a known object store name
    updateData offlineStorage.js:140
    updateData offlineStorage.js:139
    loadInventoryBatches useAppStore.js:368
    loadInventoryBatches useAppStore.js:367
useAppStore.js:375:15
Error loading inventory batches from offline storage: DOMException: IDBDatabase.transaction: 'inventoryBatches' is not a known object store name
    getAllData offlineStorage.js:121
    getAllData offlineStorage.js:120
    loadInventoryBatches useAppStore.js:377
useAppStore.js:380:17
Warning: Encountered two children with the same key, `1761730923271-5m2333ig1-2`. Keys should be unique so that components maintain their identity across updates. Non-unique keys may cause children to be duplicated and/or omitted — the behavior is unsupported and could change in a future version.
NotificationProvider@http://localhost:5173/src/components/notifications/NotificationProvider.jsx:22:30
App@http://localhost:5173/src/App.jsx:24:91 chunk-WRD5HZVH.js:521:38
Warning: `value` prop on `select` should not be null. Consider using an empty string to clear the component or `undefined` for uncontrolled components.
select
div
div
div
CategoryManagementModal@http://localhost:5173/src/features/products/CategoryManagementModal.jsx:23:33
div
div
div
Modal@http://localhost:5173/src/components/ui/Modal.jsx:21:15
div
SettingsPage@http://localhost:5173/src/pages/SettingsPage.jsx:29:124
RenderedRoute@http://localhost:5173/node_modules/.vite/deps/react-router-dom.js?v=72ee9f50:5624:23
Outlet@http://localhost:5173/node_modules/.vite/deps/react-router-dom.js?v=72ee9f50:6452:20
div
main
div
AdminDashboardPage@http://localhost:5173/src/pages/AdminDashboardPage.jsx:43:67
ProtectedRoute@http://localhost:5173/src/components/ProtectedRoute.jsx:21:24
RenderedRoute@http://localhost:5173/node_modules/.vite/deps/react-router-dom.js?v=72ee9f50:5624:23
Routes@http://localhost:5173/node_modules/.vite/deps/react-router-dom.js?v=72ee9f50:6517:16
Router@http://localhost:5173/node_modules/.vite/deps/react-router-dom.js?v=72ee9f50:6460:16
BrowserRouter@http://localhost:5173/node_modules/.vite/deps/react-router-dom.js?v=72ee9f50:9562:23
Router
div
div
NotificationProvider@http://localhost:5173/src/components/notifications/NotificationProvider.jsx:22:30
App@http://localhost:5173/src/App.jsx:24:91 chunk-WRD5HZVH.js:521:38
