Download the React DevTools for a better development experience: https://reactjs.org/link/react-devtools chunk-WRD5HZVH.js:21551:25
useAppStore initialize function called. useAppStore.js:1396:13
Loading ticketSettings from localStorage: 
Object { headerText: "¡Gracias por tu compra!", footerText: "Vuelve pronto.", showQrCode: true, fontSize: "lg", logoUrl: "" }
useAppStore.js:1413:15
useAppStore initialize function called. useAppStore.js:1396:13
App already initialized, skipping initialization useAppStore.js:1400:15
SW registered:  
ServiceWorkerRegistration { installing: null, waiting: ServiceWorker, active: ServiceWorker, navigationPreload: NavigationPreloadManager, scope: "http://localhost:5173/", updateViaCache: "imports", onupdatefound: null, pushManager: PushManager, cookies: CookieStoreManager }
localhost:5173:26:23
Error registrando Service Worker: DOMException: The operation is insecure. notificationService.js:34:17
Service Worker registered with scope: http://localhost:5173/ main.jsx:12:15
Auth state changed: INITIAL_SESSION 
Object { access_token: "eyJhbGciOiJIUzI1NiIsImtpZCI6ImYxc1QzVkJncG5sU3haNkMiLCJ0eXAiOiJKV1QifQ.eyJpc3MiOiJodHRwczovL3BnYmVmcXpscnZqbnN5bWlnZm12LnN1cGFiYXNlLmNvL2F1dGgvdjEiLCJzdWIiOiI2ODNiZWRlOS1iZWQyLTRhYjUtOGY4OS1mNGY4ZjUxNThlYmQiLCJhdWQiOiJhdXRoZW50aWNhdGVkIiwiZXhwIjoxNzYxNzI2MTAyLCJpYXQiOjE3NjE3MjI1MDIsImVtYWlsIjoibHJvbWVyb3JlejE0QGdtYWlsLmNvbSIsInBob25lIjoiIiwiYXBwX21ldGFkYXRhIjp7InByb3ZpZGVyIjoiZW1haWwiLCJwcm92aWRlcnMiOlsiZW1haWwiXX0sInVzZXJfbWV0YWRhdGEiOnsiZW1haWxfdmVyaWZpZWQiOnRydWV9LCJyb2xlIjoiYXV0aGVudGljYXRlZCIsImFhbCI6ImFhbDEiLCJhbXIiOlt7Im1ldGhvZCI6InBhc3N3b3JkIiwidGltZXN0YW1wIjoxNzYxNzIyNTAyfV0sInNlc3Npb25faWQiOiI4YWU3NDkwNC0xZDQzLTQ1YTgtOWU3Mi1jYmFkZjlmZDhkOTEiLCJpc19hbm9ueW1vdXMiOmZhbHNlfQ.rSGpvdLLuuJCpHQXr82Z-PuURkq9JyvO055JVH4R5e4", token_type: "bearer", expires_in: 3600, expires_at: 1761726102, refresh_token: "x4fccyn65xvd", user: {…}, weak_password: null }
useAppStore.js:119:15
Database opened successfully 3 offlineStorage.js:22:17
users data updated successfully 3 offlineStorage.js:145:17
categories data updated successfully 6 offlineStorage.js:145:17
stores data updated successfully 3 offlineStorage.js:145:17
products data updated successfully 5 offlineStorage.js:145:17
Auth state changed: SIGNED_IN 
Object { access_token: "eyJhbGciOiJIUzI1NiIsImtpZCI6ImYxc1QzVkJncG5sU3haNkMiLCJ0eXAiOiJKV1QifQ.eyJpc3MiOiJodHRwczovL3BnYmVmcXpscnZqbnN5bWlnZm12LnN1cGFiYXNlLmNvL2F1dGgvdjEiLCJzdWIiOiI2ODNiZWRlOS1iZWQyLTRhYjUtOGY4OS1mNGY4ZjUxNThlYmQiLCJhdWQiOiJhdXRoZW50aWNhdGVkIiwiZXhwIjoxNzYxNzI3MjgxLCJpYXQiOjE3NjE3MjM2ODEsImVtYWlsIjoibHJvbWVyb3JlejE0QGdtYWlsLmNvbSIsInBob25lIjoiIiwiYXBwX21ldGFkYXRhIjp7InByb3ZpZGVyIjoiZW1haWwiLCJwcm92aWRlcnMiOlsiZW1haWwiXX0sInVzZXJfbWV0YWRhdGEiOnsiZW1haWxfdmVyaWZpZWQiOnRydWV9LCJyb2xlIjoiYXV0aGVudGljYXRlZCIsImFhbCI6ImFhbDEiLCJhbXIiOlt7Im1ldGhvZCI6InBhc3N3b3JkIiwidGltZXN0YW1wIjoxNzYxNzIzNjgxfV0sInNlc3Npb25faWQiOiI5YjBmNjhjNy0wMzk4LTRmZDMtYWE3Zi1kODk0ZDc2MTNiZjEiLCJpc19hbm9ueW1vdXMiOmZhbHNlfQ.xLCwJuLA1v-qfihIuwvzpoXj_tql2WioO__800_quyw", token_type: "bearer", expires_in: 3600, expires_at: 1761727281, refresh_token: "tycjnslwtfas", user: {…}, weak_password: null }
useAppStore.js:119:15
useAppStore initialize function called. useAppStore.js:1396:13
App already initialized, skipping initialization useAppStore.js:1400:15
Evento del sistema emitido: user_logged_in 
Object { userId: "683bede9-bed2-4ab5-8f89-f4f8f5158ebd", userName: "Administrador", userEmail: "lromerorez14@gmail.com", role: "admin", storeId: undefined, timestamp: "2025-10-29T07:41:21.654Z" }
systemEventService.js:47:13
Manejando inicio de sesión de usuario: 
Object { userId: "683bede9-bed2-4ab5-8f89-f4f8f5158ebd", userName: "Administrador", userEmail: "lromerorez14@gmail.com", role: "admin", storeId: undefined, timestamp: "2025-10-29T07:41:21.654Z" }
systemEventService.js:92:13
Warning: Encountered two children with the same key, `1761723681654-m8x7ekuag`. Keys should be unique so that components maintain their identity across updates. Non-unique keys may cause children to be duplicated and/or omitted — the behavior is unsupported and could change in a future version.
NotificationProvider@http://localhost:5173/src/components/notifications/NotificationProvider.jsx:22:30
App@http://localhost:5173/src/App.jsx:24:91 chunk-WRD5HZVH.js:521:38
products data updated successfully 10 offlineStorage.js:145:17
Auth state changed: SIGNED_IN 
Object { access_token: "eyJhbGciOiJIUzI1NiIsImtpZCI6ImYxc1QzVkJncG5sU3haNkMiLCJ0eXAiOiJKV1QifQ.eyJpc3MiOiJodHRwczovL3BnYmVmcXpscnZqbnN5bWlnZm12LnN1cGFiYXNlLmNvL2F1dGgvdjEiLCJzdWIiOiI2ODNiZWRlOS1iZWQyLTRhYjUtOGY4OS1mNGY4ZjUxNThlYmQiLCJhdWQiOiJhdXRoZW50aWNhdGVkIiwiZXhwIjoxNzYxNzI3MjgxLCJpYXQiOjE3NjE3MjM2ODEsImVtYWlsIjoibHJvbWVyb3JlejE0QGdtYWlsLmNvbSIsInBob25lIjoiIiwiYXBwX21ldGFkYXRhIjp7InByb3ZpZGVyIjoiZW1haWwiLCJwcm92aWRlcnMiOlsiZW1haWwiXX0sInVzZXJfbWV0YWRhdGEiOnsiZW1haWxfdmVyaWZpZWQiOnRydWV9LCJyb2xlIjoiYXV0aGVudGljYXRlZCIsImFhbCI6ImFhbDEiLCJhbXIiOlt7Im1ldGhvZCI6InBhc3N3b3JkIiwidGltZXN0YW1wIjoxNzYxNzIzNjgxfV0sInNlc3Npb25faWQiOiI5YjBmNjhjNy0wMzk4LTRmZDMtYWE3Zi1kODk0ZDc2MTNiZjEiLCJpc19hbm9ueW1vdXMiOmZhbHNlfQ.xLCwJuLA1v-qfihIuwvzpoXj_tql2WioO__800_quyw", token_type: "bearer", expires_in: 3600, expires_at: 1761727281, refresh_token: "tycjnslwtfas", user: {…}, weak_password: null }
useAppStore.js:119:15
Warning: Function components cannot be given refs. Attempts to access this ref will fail. Did you mean to use React.forwardRef()?

Check the render method of `ProductFormModal`.
Input@http://localhost:5173/src/components/ui/Input.jsx:20:15
div
div
form
ProductFormModal@http://localhost:5173/src/features/products/ProductFormModal.jsx:24:26
div
div
div
Modal@http://localhost:5173/src/components/ui/Modal.jsx:21:15
div
InventoryPage@http://localhost:5173/src/pages/InventoryPage.jsx:26:77
RenderedRoute@http://localhost:5173/node_modules/.vite/deps/react-router-dom.js?v=72ee9f50:5624:23
Outlet@http://localhost:5173/node_modules/.vite/deps/react-router-dom.js?v=72ee9f50:6452:20
div
main
div
AdminDashboardPage@http://localhost:5173/src/pages/AdminDashboardPage.jsx:43:67
ProtectedRoute@http://localhost:5173/src/components/ProtectedRoute.jsx:21:24
RenderedRoute@http://localhost:5173/node_modules/.vite/deps/react-router-dom.js?v=72ee9f50:5624:23
Routes@http://localhost:5173/node_modules/.vite/deps/react-router-dom.js?v=72ee9f50:6517:16
Router@http://localhost:5173/node_modules/.vite/deps/react-router-dom.js?v=72ee9f50:6460:16
BrowserRouter@http://localhost:5173/node_modules/.vite/deps/react-router-dom.js?v=72ee9f50:9562:23
Router
div
div
NotificationProvider@http://localhost:5173/src/components/notifications/NotificationProvider.jsx:22:30
App@http://localhost:5173/src/App.jsx:24:91 chunk-WRD5HZVH.js:521:38
Error al analizar el valor para '-webkit-text-size-adjust'.  Declaración rechazada. localhost:5173:141:29
Propiedad desconocida '-moz-osx-font-smoothing'.  Declaración rechazada. localhost:5173:1541:27
Juego de reglas ignoradas debido a un mal selector. localhost:5173:1736:27
Juego de reglas ignoradas debido a un mal selector. localhost:5173:1756:33
Navegar a http://localhost:5173/admin/inventory
GET
http://localhost:5173/admin/inventory
[HTTP/1.1 304 Not Modified 4ms]

GET
http://localhost:5173/@vite/client
[HTTP/1.1 304 Not Modified 1ms]

GET
http://localhost:5173/src/main.jsx
[HTTP/1.1 304 Not Modified 0ms]

GET
http://localhost:5173/@react-refresh
[HTTP/1.1 304 Not Modified 1ms]

GET
http://localhost:5173/@vite-plugin-pwa/pwa-entry-point-loaded
[HTTP/1.1 304 Not Modified 0ms]

GET
http://localhost:5173/node_modules/.vite/deps/react_jsx-dev-runtime.js?v=72ee9f50
[HTTP/1.1 200 OK 0ms]

GET
http://localhost:5173/node_modules/.vite/deps/react-dom_client.js?v=72ee9f50
[HTTP/1.1 200 OK 0ms]

GET
http://localhost:5173/node_modules/.vite/deps/react.js?v=72ee9f50
[HTTP/1.1 200 OK 0ms]

GET
http://localhost:5173/src/App.jsx
[HTTP/1.1 304 Not Modified 0ms]

GET
http://localhost:5173/src/services/notificationService.js
[HTTP/1.1 304 Not Modified 0ms]

GET
http://localhost:5173/src/index.css
[HTTP/1.1 304 Not Modified 1ms]

GET
http://localhost:5173/node_modules/vite/dist/client/env.mjs
[HTTP/1.1 304 Not Modified 0ms]

GET
http://localhost:5173/node_modules/.vite/deps/chunk-OU5AQDZK.js?v=72ee9f50
[HTTP/1.1 200 OK 0ms]

GET
http://localhost:5173/node_modules/.vite/deps/chunk-EWTE5DHJ.js?v=72ee9f50
[HTTP/1.1 200 OK 0ms]

GET
http://localhost:5173/node_modules/.vite/deps/react-dom_client.js?v=72ee9f50
[HTTP/1.1 200 OK 0ms]

GET
http://localhost:5173/node_modules/.vite/deps/react_jsx-dev-runtime.js?v=72ee9f50
[HTTP/1.1 200 OK 0ms]

GET
http://localhost:5173/src/App.jsx
[HTTP/1.1 304 Not Modified 0ms]

GET
http://localhost:5173/src/services/notificationService.js
[HTTP/1.1 304 Not Modified 0ms]

GET
http://localhost:5173/src/index.css
[HTTP/1.1 304 Not Modified 0ms]

GET
http://localhost:5173/node_modules/vite/dist/client/env.mjs
[HTTP/1.1 304 Not Modified 0ms]

GET
ws://localhost:5173/?token=ZKNkJKwDuRIT
[HTTP/1.1 101 Switching Protocols 1ms]

GET
http://localhost:5173/node_modules/.vite/deps/chunk-OU5AQDZK.js?v=72ee9f50
[HTTP/1.1 200 OK 0ms]

GET
http://localhost:5173/node_modules/.vite/deps/chunk-WRD5HZVH.js?v=72ee9f50
[HTTP/1.1 200 OK 0ms]

GET
http://localhost:5173/node_modules/.vite/deps/chunk-EWTE5DHJ.js?v=72ee9f50
[HTTP/1.1 200 OK 0ms]

GET
http://localhost:5173/src/Router.jsx
[HTTP/1.1 304 Not Modified 0ms]

GET
http://localhost:5173/src/components/notifications/NotificationProvider.jsx
[HTTP/1.1 304 Not Modified 1ms]

GET
http://localhost:5173/src/store/useAppStore.js
[HTTP/1.1 304 Not Modified 0ms]

GET
http://localhost:5173/src/config/supabase.js
[HTTP/1.1 304 Not Modified 1ms]

GET
http://localhost:5173/node_modules/.vite/deps/chunk-WRD5HZVH.js?v=72ee9f50
[HTTP/1.1 200 OK 0ms]

GET
http://localhost:5173/src/Router.jsx
[HTTP/1.1 304 Not Modified 0ms]

GET
http://localhost:5173/src/components/notifications/NotificationProvider.jsx
[HTTP/1.1 304 Not Modified 0ms]

GET
http://localhost:5173/src/config/supabase.js
[HTTP/1.1 304 Not Modified 0ms]

GET
http://localhost:5173/src/utils/supabaseAPI.js
[HTTP/1.1 304 Not Modified 0ms]

GET
http://localhost:5173/node_modules/.vite/deps/zustand.js?v=72ee9f50
[HTTP/1.1 200 OK 0ms]

GET
http://localhost:5173/src/utils/offlineStorage.js
[HTTP/1.1 304 Not Modified 0ms]

GET
http://localhost:5173/src/config/firebase.js
[HTTP/1.1 304 Not Modified 0ms]

GET
http://localhost:5173/src/services/systemEventService.js
[HTTP/1.1 304 Not Modified 1ms]

GET
http://localhost:5173/node_modules/.vite/deps/@supabase_supabase-js.js?v=72ee9f50
[HTTP/1.1 200 OK 0ms]

GET
http://localhost:5173/node_modules/.vite/deps/react-router-dom.js?v=72ee9f50
[HTTP/1.1 200 OK 0ms]

GET
http://localhost:5173/src/pages/POSPage.jsx
[HTTP/1.1 304 Not Modified 0ms]

GET
http://localhost:5173/src/pages/AdminDashboardPage.jsx
[HTTP/1.1 304 Not Modified 0ms]

GET
http://localhost:5173/src/pages/LoginPage.jsx
[HTTP/1.1 304 Not Modified 0ms]

GET
http://localhost:5173/src/pages/ReportsPage.jsx
[HTTP/1.1 304 Not Modified 1ms]

GET
http://localhost:5173/src/pages/InventoryPage.jsx
[HTTP/1.1 304 Not Modified 1ms]

GET
http://localhost:5173/src/pages/PurchasesPage.jsx
[HTTP/1.1 304 Not Modified 3ms]

GET
http://localhost:5173/src/pages/TransfersPage.jsx
[HTTP/1.1 304 Not Modified 2ms]

GET
http://localhost:5173/src/pages/UsersPage.jsx
[HTTP/1.1 304 Not Modified 0ms]

GET
http://localhost:5173/src/pages/SettingsPage.jsx
[HTTP/1.1 304 Not Modified 0ms]

GET
http://localhost:5173/src/components/ProtectedRoute.jsx
[HTTP/1.1 304 Not Modified 1ms]

GET
http://localhost:5173/src/pages/UnauthorizedPage.jsx
[HTTP/1.1 304 Not Modified 2ms]

GET
http://localhost:5173/src/pages/ClientsPage.jsx
[HTTP/1.1 304 Not Modified 0ms]

GET
http://localhost:5173/node_modules/.vite/deps/react-dom.js?v=72ee9f50
[HTTP/1.1 200 OK 0ms]

GET
http://localhost:5173/src/components/notifications/NotificationToast.jsx
[HTTP/1.1 304 Not Modified 0ms]

GET
http://localhost:5173/node_modules/.vite/deps/zustand.js?v=72ee9f50
[HTTP/1.1 200 OK 0ms]

GET
http://localhost:5173/src/utils/supabaseAPI.js
[HTTP/1.1 304 Not Modified 1ms]

GET
http://localhost:5173/src/config/firebase.js
[HTTP/1.1 304 Not Modified 0ms]

GET
http://localhost:5173/src/utils/offlineStorage.js
[HTTP/1.1 304 Not Modified 0ms]

GET
http://localhost:5173/node_modules/.vite/deps/@supabase_supabase-js.js?v=72ee9f50
[HTTP/1.1 200 OK 0ms]

GET
http://localhost:5173/node_modules/.vite/deps/react-router-dom.js?v=72ee9f50
[HTTP/1.1 200 OK 0ms]

GET
http://localhost:5173/src/pages/LoginPage.jsx
[HTTP/1.1 304 Not Modified 0ms]

GET
http://localhost:5173/src/pages/AdminDashboardPage.jsx
[HTTP/1.1 304 Not Modified 0ms]

GET
http://localhost:5173/src/pages/POSPage.jsx
[HTTP/1.1 304 Not Modified 0ms]

GET
http://localhost:5173/src/pages/InventoryPage.jsx
[HTTP/1.1 304 Not Modified 0ms]

GET
http://localhost:5173/src/pages/UsersPage.jsx
[HTTP/1.1 304 Not Modified 0ms]

GET
http://localhost:5173/src/pages/ReportsPage.jsx
[HTTP/1.1 304 Not Modified 0ms]

GET
http://localhost:5173/src/pages/SettingsPage.jsx
[HTTP/1.1 304 Not Modified 0ms]

GET
http://localhost:5173/src/pages/TransfersPage.jsx
[HTTP/1.1 304 Not Modified 0ms]

GET
http://localhost:5173/src/components/ProtectedRoute.jsx
[HTTP/1.1 304 Not Modified 0ms]

GET
http://localhost:5173/src/pages/UnauthorizedPage.jsx
[HTTP/1.1 304 Not Modified 0ms]

GET
http://localhost:5173/src/pages/PurchasesPage.jsx
[HTTP/1.1 304 Not Modified 0ms]

GET
http://localhost:5173/src/pages/ClientsPage.jsx
[HTTP/1.1 304 Not Modified 0ms]

GET
http://localhost:5173/src/components/notifications/NotificationToast.jsx
[HTTP/1.1 304 Not Modified 0ms]

GET
http://localhost:5173/src/config/supabaseAuth.js
[HTTP/1.1 304 Not Modified 0ms]

GET
http://localhost:5173/node_modules/.vite/deps/chunk-NQPNIMY6.js?v=72ee9f50
[HTTP/1.1 200 OK 0ms]

GET
http://localhost:5173/node_modules/.vite/deps/lucide-react.js?v=72ee9f50
[HTTP/1.1 200 OK 0ms]

GET
http://localhost:5173/src/components/ui/Button.jsx
[HTTP/1.1 304 Not Modified 0ms]

GET
http://localhost:5173/src/components/ui/Card.jsx
[HTTP/1.1 304 Not Modified 1ms]

GET
http://localhost:5173/src/components/ui/Input.jsx
[HTTP/1.1 304 Not Modified 1ms]

GET
http://localhost:5173/src/components/ui/Modal.jsx
[HTTP/1.1 304 Not Modified 0ms]

GET
http://localhost:5173/src/utils/logo.png?import
[HTTP/1.1 304 Not Modified 1ms]

GET
http://localhost:5173/src/features/alerts/AlertsBell.jsx
[HTTP/1.1 304 Not Modified 0ms]

GET
http://localhost:5173/src/features/purchases/ShoppingListModal.jsx
[HTTP/1.1 304 Not Modified 0ms]

GET
http://localhost:5173/src/features/pos/Ticket.jsx
[HTTP/1.1 304 Not Modified 0ms]

GET
http://localhost:5173/node_modules/.vite/deps/react-to-print.js?v=72ee9f50
[HTTP/1.1 200 OK 0ms]

GET
http://localhost:5173/node_modules/.vite/deps/html2canvas.js?v=72ee9f50
[HTTP/1.1 200 OK 0ms]

GET
http://localhost:5173/node_modules/.vite/deps/jspdf.js?v=72ee9f50
[HTTP/1.1 200 OK 0ms]

GET
http://localhost:5173/node_modules/.vite/deps/react-zxing.js?v=72ee9f50
[HTTP/1.1 200 OK 0ms]

GET
http://localhost:5173/src/features/pos/CalculatorModal.jsx
[HTTP/1.1 304 Not Modified 0ms]

GET
http://localhost:5173/src/features/pos/EmployeeConsumptionModal.jsx
[HTTP/1.1 304 Not Modified 0ms]

GET
http://localhost:5173/src/features/pos/TicketDesignModal.jsx
[HTTP/1.1 304 Not Modified 1ms]

GET
http://localhost:5173/src/features/pos/DiscountModal.jsx
[HTTP/1.1 304 Not Modified 0ms]

GET
http://localhost:5173/src/features/pos/NoteModal.jsx
[HTTP/1.1 304 Not Modified 1ms]

GET
http://localhost:5173/src/features/pos/PaymentModal.jsx
[HTTP/1.1 304 Not Modified 1ms]

GET
http://localhost:5173/src/features/pos/CashClosingModal.jsx
[HTTP/1.1 304 Not Modified 1ms]

GET
http://localhost:5173/src/features/pos/PreviousSalesModal.jsx
[HTTP/1.1 304 Not Modified 1ms]

GET
http://localhost:5173/src/features/products/ProductFormModal.jsx
[HTTP/1.1 304 Not Modified 1ms]

GET
http://localhost:5173/src/features/pos/ScheduleVisitModal.jsx
[HTTP/1.1 304 Not Modified 1ms]

GET
http://localhost:5173/src/features/pos/ProductCollectionModal.jsx
[HTTP/1.1 304 Not Modified 1ms]

GET
http://localhost:5173/src/features/pos/WithdrawalModal.jsx
[HTTP/1.1 304 Not Modified 1ms]

GET
http://localhost:5173/src/components/qr/QRScanner.jsx
[HTTP/1.1 304 Not Modified 1ms]

GET
http://localhost:5173/src/features/settings/ReminderFormModal.jsx
[HTTP/1.1 304 Not Modified 1ms]

GET
http://localhost:5173/src/features/products/CategoryManagementModal.jsx
[HTTP/1.1 304 Not Modified 1ms]

GET
http://localhost:5173/src/features/users/UserFormModal.jsx
[HTTP/1.1 304 Not Modified 0ms]

GET
http://localhost:5173/src/features/transfers/TransferRequestForm.jsx
[HTTP/1.1 304 Not Modified 1ms]

GET
http://localhost:5173/src/features/transfers/TransferDetailsPage.jsx
[HTTP/1.1 304 Not Modified 1ms]

GET
http://localhost:5173/src/config/supabaseAuth.js
[HTTP/1.1 304 Not Modified 0ms]

GET
http://localhost:5173/src/features/clients/ClientFormModal.jsx
[HTTP/1.1 304 Not Modified 1ms]

GET
http://localhost:5173/src/features/purchases/MiscellaneousPurchaseModal.jsx
[HTTP/1.1 304 Not Modified 0ms]

GET
http://localhost:5173/node_modules/.vite/deps/chunk-NQPNIMY6.js?v=72ee9f50
[HTTP/1.1 200 OK 0ms]

GET
http://localhost:5173/node_modules/.vite/deps/lucide-react.js?v=72ee9f50
[HTTP/1.1 200 OK 0ms]

GET
http://localhost:5173/src/components/ui/Button.jsx
[HTTP/1.1 304 Not Modified 0ms]

GET
http://localhost:5173/src/components/ui/Card.jsx
[HTTP/1.1 304 Not Modified 0ms]

GET
http://localhost:5173/src/components/ui/Input.jsx
[HTTP/1.1 304 Not Modified 0ms]

GET
http://localhost:5173/src/components/ui/Modal.jsx
[HTTP/1.1 304 Not Modified 1ms]

GET
http://localhost:5173/node_modules/.vite/deps/react-to-print.js?v=72ee9f50
[HTTP/1.1 200 OK 0ms]

GET
http://localhost:5173/src/features/alerts/AlertsBell.jsx
[HTTP/1.1 304 Not Modified 0ms]

GET
http://localhost:5173/node_modules/.vite/deps/html2canvas.js?v=72ee9f50
[HTTP/1.1 200 OK 0ms]

GET
http://localhost:5173/node_modules/.vite/deps/jspdf.js?v=72ee9f50
[HTTP/1.1 200 OK 0ms]

GET
http://localhost:5173/node_modules/.vite/deps/react-zxing.js?v=72ee9f50
[HTTP/1.1 200 OK 0ms]

GET
http://localhost:5173/src/features/purchases/ShoppingListModal.jsx
[HTTP/1.1 304 Not Modified 0ms]

GET
http://localhost:5173/src/features/pos/Ticket.jsx
[HTTP/1.1 304 Not Modified 0ms]

GET
http://localhost:5173/src/features/pos/EmployeeConsumptionModal.jsx
[HTTP/1.1 304 Not Modified 0ms]

GET
http://localhost:5173/src/features/pos/CalculatorModal.jsx
[HTTP/1.1 304 Not Modified 0ms]

GET
http://localhost:5173/src/features/pos/TicketDesignModal.jsx
[HTTP/1.1 304 Not Modified 1ms]

GET
http://localhost:5173/src/features/pos/DiscountModal.jsx
[HTTP/1.1 304 Not Modified 0ms]

GET
http://localhost:5173/src/features/pos/NoteModal.jsx
[HTTP/1.1 304 Not Modified 0ms]

GET
http://localhost:5173/src/features/pos/PaymentModal.jsx
[HTTP/1.1 304 Not Modified 0ms]

GET
http://localhost:5173/src/features/pos/CashClosingModal.jsx
[HTTP/1.1 304 Not Modified 0ms]

GET
http://localhost:5173/src/features/pos/ScheduleVisitModal.jsx
[HTTP/1.1 304 Not Modified 0ms]

GET
http://localhost:5173/src/features/pos/WithdrawalModal.jsx
[HTTP/1.1 304 Not Modified 0ms]

GET
http://localhost:5173/src/features/pos/PreviousSalesModal.jsx
[HTTP/1.1 304 Not Modified 0ms]

GET
http://localhost:5173/src/features/products/ProductFormModal.jsx
[HTTP/1.1 304 Not Modified 1ms]

GET
http://localhost:5173/src/features/pos/ProductCollectionModal.jsx
[HTTP/1.1 304 Not Modified 0ms]

GET
http://localhost:5173/src/components/qr/QRScanner.jsx
[HTTP/1.1 304 Not Modified 0ms]

GET
http://localhost:5173/src/features/products/CategoryManagementModal.jsx
[HTTP/1.1 304 Not Modified 0ms]

GET
http://localhost:5173/src/features/users/UserFormModal.jsx
[HTTP/1.1 304 Not Modified 0ms]

GET
http://localhost:5173/src/features/settings/ReminderFormModal.jsx
[HTTP/1.1 304 Not Modified 0ms]

GET
http://localhost:5173/src/features/transfers/TransferRequestForm.jsx
[HTTP/1.1 304 Not Modified 0ms]

GET
http://localhost:5173/src/features/purchases/MiscellaneousPurchaseModal.jsx
[HTTP/1.1 304 Not Modified 0ms]

GET
http://localhost:5173/src/features/clients/ClientFormModal.jsx
[HTTP/1.1 304 Not Modified 0ms]

GET
http://localhost:5173/src/features/transfers/TransferDetailsPage.jsx
[HTTP/1.1 304 Not Modified 0ms]

GET
http://localhost:5173/node_modules/.vite/deps/react-qr-code.js?v=72ee9f50
[HTTP/1.1 200 OK 0ms]

GET
http://localhost:5173/src/features/alerts/AlertsDropdown.jsx
[HTTP/1.1 304 Not Modified 0ms]

GET
http://localhost:5173/src/features/pos/CashClosingTicket.jsx
[HTTP/1.1 304 Not Modified 0ms]

GET
http://localhost:5173/node_modules/.vite/deps/chunk-D7ZASVPN.js?v=72ee9f50
[HTTP/1.1 200 OK 0ms]

GET
http://localhost:5173/node_modules/.vite/deps/react-qr-code.js?v=72ee9f50
[HTTP/1.1 200 OK 0ms]

GET
http://localhost:5173/src/features/pos/CashClosingTicket.jsx
[HTTP/1.1 304 Not Modified 0ms]

GET
http://localhost:5173/src/features/alerts/AlertsDropdown.jsx
[HTTP/1.1 304 Not Modified 0ms]

Download the React DevTools for a better development experience: https://reactjs.org/link/react-devtools chunk-WRD5HZVH.js:21551:25
useAppStore initialize function called. useAppStore.js:1396:13
Loading ticketSettings from localStorage: 
Object { headerText: "¡Gracias por tu compra!", footerText: "Vuelve pronto.", showQrCode: true, fontSize: "lg", logoUrl: "" }
useAppStore.js:1413:15
useAppStore initialize function called. useAppStore.js:1396:13
App already initialized, skipping initialization useAppStore.js:1400:15
SW registered:  
ServiceWorkerRegistration { installing: null, waiting: ServiceWorker, active: ServiceWorker, navigationPreload: NavigationPreloadManager, scope: "http://localhost:5173/", updateViaCache: "imports", onupdatefound: null, pushManager: PushManager, cookies: CookieStoreManager }
inventory:26:23
GET
http://localhost:5173/src/utils/logo.png
[HTTP/1.1 304 Not Modified 1ms]

GET
http://localhost:5173/vite.svg

Error registrando Service Worker: DOMException: The operation is insecure. notificationService.js:34:17
XHRGET
https://pgbefqzlrvjnsymigfmv.supabase.co/rest/v1/users?select=*&id=eq.683bede9-bed2-4ab5-8f89-f4f8f5158ebd
[HTTP/3 200  844ms]

Service Worker registered with scope: http://localhost:5173/ main.jsx:12:15
GET
http://localhost:5173/registerSW.js
[HTTP/1.1 200 OK 0ms]

Auth state changed: INITIAL_SESSION 
Object { access_token: "eyJhbGciOiJIUzI1NiIsImtpZCI6ImYxc1QzVkJncG5sU3haNkMiLCJ0eXAiOiJKV1QifQ.eyJpc3MiOiJodHRwczovL3BnYmVmcXpscnZqbnN5bWlnZm12LnN1cGFiYXNlLmNvL2F1dGgvdjEiLCJzdWIiOiI2ODNiZWRlOS1iZWQyLTRhYjUtOGY4OS1mNGY4ZjUxNThlYmQiLCJhdWQiOiJhdXRoZW50aWNhdGVkIiwiZXhwIjoxNzYxNzI3MjgxLCJpYXQiOjE3NjE3MjM2ODEsImVtYWlsIjoibHJvbWVyb3JlejE0QGdtYWlsLmNvbSIsInBob25lIjoiIiwiYXBwX21ldGFkYXRhIjp7InByb3ZpZGVyIjoiZW1haWwiLCJwcm92aWRlcnMiOlsiZW1haWwiXX0sInVzZXJfbWV0YWRhdGEiOnsiZW1haWxfdmVyaWZpZWQiOnRydWV9LCJyb2xlIjoiYXV0aGVudGljYXRlZCIsImFhbCI6ImFhbDEiLCJhbXIiOlt7Im1ldGhvZCI6InBhc3N3b3JkIiwidGltZXN0YW1wIjoxNzYxNzIzNjgxfV0sInNlc3Npb25faWQiOiI5YjBmNjhjNy0wMzk4LTRmZDMtYWE3Zi1kODk0ZDc2MTNiZjEiLCJpc19hbm9ueW1vdXMiOmZhbHNlfQ.xLCwJuLA1v-qfihIuwvzpoXj_tql2WioO__800_quyw", token_type: "bearer", expires_in: 3600, expires_at: 1761727281, refresh_token: "tycjnslwtfas", user: {…}, weak_password: null }
useAppStore.js:119:15
XHRGET
https://pgbefqzlrvjnsymigfmv.supabase.co/rest/v1/categories?select=*
[HTTP/3 200  366ms]

XHRGET
https://pgbefqzlrvjnsymigfmv.supabase.co/rest/v1/stores?select=*
[HTTP/3 200  385ms]

XHRGET
https://pgbefqzlrvjnsymigfmv.supabase.co/rest/v1/products?select=*&order=name.asc
[HTTP/3 200  367ms]

XHRGET
https://pgbefqzlrvjnsymigfmv.supabase.co/rest/v1/categories?select=*&order=name.asc
[HTTP/3 200  366ms]

XHRGET
https://pgbefqzlrvjnsymigfmv.supabase.co/rest/v1/users?select=*&order=name.asc
[HTTP/3 200  362ms]

XHRGET
https://pgbefqzlrvjnsymigfmv.supabase.co/rest/v1/stores?select=*&order=name.asc
[HTTP/3 200  356ms]

XHRGET
https://pgbefqzlrvjnsymigfmv.supabase.co/rest/v1/inventory_batches?select=*&order=created_at.desc
[HTTP/3 200  317ms]

XHRGET
https://pgbefqzlrvjnsymigfmv.supabase.co/rest/v1/sales?select=*&order=date.desc&limit=1000
[HTTP/3 200  315ms]

XHRGET
https://pgbefqzlrvjnsymigfmv.supabase.co/rest/v1/clients?select=*&order=name.asc
[HTTP/3 200  319ms]

XHRGET
https://pgbefqzlrvjnsymigfmv.supabase.co/rest/v1/transfers?select=*&order=created_at.desc
[HTTP/3 200  311ms]

XHRGET
https://pgbefqzlrvjnsymigfmv.supabase.co/rest/v1/shopping_list?select=*&order=created_at.desc
[HTTP/3 200  310ms]

XHRGET
https://pgbefqzlrvjnsymigfmv.supabase.co/rest/v1/expenses?select=*&order=created_at.desc
[HTTP/3 200  308ms]

XHRGET
https://pgbefqzlrvjnsymigfmv.supabase.co/rest/v1/cash_closings?select=*&order=created_at.desc
[HTTP/3 200  306ms]

Database opened successfully 3 offlineStorage.js:22:17
stores data updated successfully offlineStorage.js:145:17
users data updated successfully offlineStorage.js:145:17
categories data updated successfully offlineStorage.js:145:17
stores data updated successfully offlineStorage.js:145:17
users data updated successfully offlineStorage.js:145:17
categories data updated successfully offlineStorage.js:145:17
stores data updated successfully offlineStorage.js:145:17
users data updated successfully offlineStorage.js:145:17
categories data updated successfully 4 offlineStorage.js:145:17
XHRPOST
https://pgbefqzlrvjnsymigfmv.supabase.co/auth/v1/token?grant_type=password
[HTTP/3 200  497ms]

Auth state changed: SIGNED_IN 
Object { access_token: "eyJhbGciOiJIUzI1NiIsImtpZCI6ImYxc1QzVkJncG5sU3haNkMiLCJ0eXAiOiJKV1QifQ.eyJpc3MiOiJodHRwczovL3BnYmVmcXpscnZqbnN5bWlnZm12LnN1cGFiYXNlLmNvL2F1dGgvdjEiLCJzdWIiOiI2ODNiZWRlOS1iZWQyLTRhYjUtOGY4OS1mNGY4ZjUxNThlYmQiLCJhdWQiOiJhdXRoZW50aWNhdGVkIiwiZXhwIjoxNzYxNzI3NDIzLCJpYXQiOjE3NjE3MjM4MjMsImVtYWlsIjoibHJvbWVyb3JlejE0QGdtYWlsLmNvbSIsInBob25lIjoiIiwiYXBwX21ldGFkYXRhIjp7InByb3ZpZGVyIjoiZW1haWwiLCJwcm92aWRlcnMiOlsiZW1haWwiXX0sInVzZXJfbWV0YWRhdGEiOnsiZW1haWxfdmVyaWZpZWQiOnRydWV9LCJyb2xlIjoiYXV0aGVudGljYXRlZCIsImFhbCI6ImFhbDEiLCJhbXIiOlt7Im1ldGhvZCI6InBhc3N3b3JkIiwidGltZXN0YW1wIjoxNzYxNzIzODIzfV0sInNlc3Npb25faWQiOiI4ZmQzMGJiYy05NGM2LTQyMTEtOThhNC1jYjcwMzI3YjNhMTAiLCJpc19hbm9ueW1vdXMiOmZhbHNlfQ.e2oHHJQ3p7stEa23Y9JhRk-H7zET_AihpXnlVV2Kz2s", token_type: "bearer", expires_in: 3600, expires_at: 1761727423, refresh_token: "km36cfsi3lf2", user: {…}, weak_password: null }
useAppStore.js:119:15
XHRGET
https://pgbefqzlrvjnsymigfmv.supabase.co/rest/v1/users?select=*&id=eq.683bede9-bed2-4ab5-8f89-f4f8f5158ebd
[HTTP/3 200  202ms]

XHRGET
https://pgbefqzlrvjnsymigfmv.supabase.co/rest/v1/users?select=*&id=eq.683bede9-bed2-4ab5-8f89-f4f8f5158ebd
[HTTP/3 200  384ms]

useAppStore initialize function called. useAppStore.js:1396:13
App already initialized, skipping initialization useAppStore.js:1400:15
Evento del sistema emitido: user_logged_in 
Object { userId: "683bede9-bed2-4ab5-8f89-f4f8f5158ebd", userName: "Administrador", userEmail: "lromerorez14@gmail.com", role: "admin", storeId: undefined, timestamp: "2025-10-29T07:43:44.598Z" }
systemEventService.js:47:13
Manejando inicio de sesión de usuario: 
Object { userId: "683bede9-bed2-4ab5-8f89-f4f8f5158ebd", userName: "Administrador", userEmail: "lromerorez14@gmail.com", role: "admin", storeId: undefined, timestamp: "2025-10-29T07:43:44.598Z" }
systemEventService.js:92:13
Warning: Encountered two children with the same key, `1761723824599-uox81uhzr`. Keys should be unique so that components maintain their identity across updates. Non-unique keys may cause children to be duplicated and/or omitted — the behavior is unsupported and could change in a future version.
NotificationProvider@http://localhost:5173/src/components/notifications/NotificationProvider.jsx:22:30
App@http://localhost:5173/src/App.jsx:24:91 chunk-WRD5HZVH.js:521:38
GET
http://localhost:5173/src/utils/logo.png
[HTTP/1.1 200 OK 0ms]

